CRITICAL - 2025-04-28 07:07:22 --> CodeIgniter\View\Exceptions\ViewException: Invalid file: "front/Productos.php"
[Method: GET, Route: productos]
in SYSTEMPATH\Exceptions\FrameworkException.php on line 39.
 1 SYSTEMPATH\View\View.php(212): CodeIgniter\Exceptions\FrameworkException::forInvalidFile('front/Productos.php')
 2 SYSTEMPATH\Common.php(1173): CodeIgniter\View\View->render('front/Productos', [], true)
 3 APPPATH\Controllers\Home.php(58): view('front/Productos')
 4 SYSTEMPATH\CodeIgniter.php(933): App\Controllers\Home->productos()
 5 SYSTEMPATH\CodeIgniter.php(507): CodeIgniter\CodeIgniter->runController(Object(App\Controllers\Home))
 6 SYSTEMPATH\CodeIgniter.php(354): CodeIgniter\CodeIgniter->handleRequest(null, Object(Config\Cache), false)
 7 SYSTEMPATH\Boot.php(334): CodeIgniter\CodeIgniter->run()
 8 SYSTEMPATH\Boot.php(67): CodeIgniter\Boot::runCodeIgniter(Object(CodeIgniter\CodeIgniter))
 9 FCPATH\index.php(56): CodeIgniter\Boot::bootWeb(Object(Config\Paths))
CRITICAL - 2025-04-28 17:05:42 --> ParseError: syntax error, unexpected token "=>", expecting "]"
[Method: GET, Route: productos]
in APPPATH\Views\front\Productos.php on line 35.
 1 SYSTEMPATH\View\View.php(227): CodeIgniter\View\View->CodeIgniter\View\{closure}()
 2 SYSTEMPATH\Common.php(1173): CodeIgniter\View\View->render('front/productos', [], true)
 3 APPPATH\Controllers\Home.php(58): view('front/productos', [...])
 4 SYSTEMPATH\CodeIgniter.php(933): App\Controllers\Home->Productos()
 5 SYSTEMPATH\CodeIgniter.php(507): CodeIgniter\CodeIgniter->runController(Object(App\Controllers\Home))
 6 SYSTEMPATH\CodeIgniter.php(354): CodeIgniter\CodeIgniter->handleRequest(null, Object(Config\Cache), false)
 7 SYSTEMPATH\Boot.php(334): CodeIgniter\CodeIgniter->run()
 8 SYSTEMPATH\Boot.php(67): CodeIgniter\Boot::runCodeIgniter(Object(CodeIgniter\CodeIgniter))
 9 FCPATH\index.php(56): CodeIgniter\Boot::bootWeb(Object(Config\Paths))
